2017-08-12 00:43:38 [ stock:main:0 ] - [ FATAL ] excel.all_v2.StockExcelOperationMain.main(StockExcelOperationMain.java:454) excel operation start
 2017-08-12 00:43:38 [ stock:main:61 ] - [ FATAL ] excel.all_v2.StockExcelOperationMain.analyseStockOperationAll(StockExcelOperationMain.java:237) *****SH600108*****
 2017-08-12 00:43:39 [ stock:main:725 ] - [ FATAL ] excel.all_v2.StockExcelOperationMain.analyseStockOperationAll(StockExcelOperationMain.java:329) dataGap more than 2
 2017-08-12 00:43:39 [ stock:main:726 ] - [ FATAL ] excel.all_v2.StockExcelOperationMain.analyseStockOperationAll(StockExcelOperationMain.java:237) *****SH600598*****
 2017-08-12 00:43:39 [ stock:main:1373 ] - [ FATAL ] excel.all_v2.StockExcelOperationMain.analyseStockOperationAll(StockExcelOperationMain.java:237) *****SH601118*****
 2017-08-12 00:43:40 [ stock:main:2064 ] - [ FATAL ] excel.all_v2.StockExcelOperationMain.analyseStockOperationAll(StockExcelOperationMain.java:237) *****SZ000663*****
 2017-08-12 00:43:41 [ stock:main:2668 ] - [ FATAL ] excel.all_v2.StockExcelOperationMain.analyseStockOperationAll(StockExcelOperationMain.java:329) dataGap more than 2
 2017-08-12 00:43:41 [ stock:main:2668 ] - [ FATAL ] excel.all_v2.StockExcelOperationMain.analyseStockOperationAll(StockExcelOperationMain.java:237) *****SZ002679*****
 2017-08-12 00:43:41 [ stock:main:3255 ] - [ FATAL ] excel.all_v2.StockExcelOperationMain.analyseStockOperationAll(StockExcelOperationMain.java:329) dataGap more than 2
 2017-08-12 00:43:41 [ stock:main:3255 ] - [ FATAL ] excel.all_v2.StockExcelOperationMain.analyseStockOperationAll(StockExcelOperationMain.java:237) *****SH600189*****
 2017-08-12 00:43:42 [ stock:main:3864 ] - [ FATAL ] excel.all_v2.StockExcelOperationMain.analyseStockOperationAll(StockExcelOperationMain.java:329) dataGap more than 2
 2017-08-12 00:43:42 [ stock:main:3865 ] - [ FATAL ] excel.all_v2.StockExcelOperationMain.analyseStockOperationAll(StockExcelOperationMain.java:237) *****SH601996*****
 2017-08-12 00:43:42 [ stock:main:4459 ] - [ FATAL ] excel.all_v2.StockExcelOperationMain.analyseStockOperationAll(StockExcelOperationMain.java:237) *****SH600313*****
 2017-08-12 00:43:43 [ stock:main:5102 ] - [ FATAL ] excel.all_v2.StockExcelOperationMain.analyseStockOperationAll(StockExcelOperationMain.java:329) dataGap more than 2
 2017-08-12 00:43:43 [ stock:main:5103 ] - [ FATAL ] excel.all_v2.StockExcelOperationMain.analyseStockOperationAll(StockExcelOperationMain.java:237) *****SH600354*****
 2017-08-12 00:43:44 [ stock:main:5747 ] - [ FATAL ] excel.all_v2.StockExcelOperationMain.analyseStockOperationAll(StockExcelOperationMain.java:237) *****SH600371*****
 2017-08-12 00:43:44 [ stock:main:6366 ] - [ FATAL ] excel.all_v2.StockExcelOperationMain.analyseStockOperationAll(StockExcelOperationMain.java:329) dataGap more than 2
 2017-08-12 00:43:44 [ stock:main:6366 ] - [ FATAL ] excel.all_v2.StockExcelOperationMain.analyseStockOperationAll(StockExcelOperationMain.java:237) *****SZ000713*****
 2017-08-12 00:43:45 [ stock:main:6981 ] - [ FATAL ] excel.all_v2.StockExcelOperationMain.analyseStockOperationAll(StockExcelOperationMain.java:329) dataGap more than 2
 2017-08-12 00:43:45 [ stock:main:6991 ] - [ FATAL ] excel.all_v2.StockExcelOperationMain.analyseStockOperationAll(StockExcelOperationMain.java:237) *****SZ000998*****
 2017-08-12 00:43:46 [ stock:main:7601 ] - [ FATAL ] excel.all_v2.StockExcelOperationMain.analyseStockOperationAll(StockExcelOperationMain.java:329) dataGap more than 2
 2017-08-12 00:43:46 [ stock:main:7601 ] - [ FATAL ] excel.all_v2.StockExcelOperationMain.analyseStockOperationAll(StockExcelOperationMain.java:237) *****SZ002041*****
 2017-08-12 00:43:46 [ stock:main:8241 ] - [ FATAL ] excel.all_v2.StockExcelOperationMain.analyseStockOperationAll(StockExcelOperationMain.java:237) *****SZ002069*****
 2017-08-12 00:43:47 [ stock:main:8826 ] - [ FATAL ] excel.all_v2.StockExcelOperationMain.analyseStockOperationAll(StockExcelOperationMain.java:329) dataGap more than 2
 2017-08-12 00:43:47 [ stock:main:8826 ] - [ FATAL ] excel.all_v2.StockExcelOperationMain.analyseStockOperationAll(StockExcelOperationMain.java:237) *****SZ002086*****
 2017-08-12 00:43:47 [ stock:main:9457 ] - [ FATAL ] excel.all_v2.StockExcelOperationMain.analyseStockOperationAll(StockExcelOperationMain.java:329) dataGap more than 2
 2017-08-12 00:43:47 [ stock:main:9457 ] - [ FATAL ] excel.all_v2.StockExcelOperationMain.analyseStockOperationAll(StockExcelOperationMain.java:237) *****SZ002447*****
 2017-08-12 00:43:48 [ stock:main:10146 ] - [ FATAL ] excel.all_v2.StockExcelOperationMain.analyseStockOperationAll(StockExcelOperationMain.java:323) stock no same date
 2017-08-12 00:43:48 [ stock:main:10146 ] - [ FATAL ] excel.all_v2.StockExcelOperationMain.analyseStockOperationAll(StockExcelOperationMain.java:237) *****SZ300087*****
 2017-08-12 00:43:49 [ stock:main:10815 ] - [ FATAL ] excel.all_v2.StockExcelOperationMain.analyseStockOperationAll(StockExcelOperationMain.java:237) *****SZ300094*****
 2017-08-12 00:43:49 [ stock:main:11452 ] - [ FATAL ] excel.all_v2.StockExcelOperationMain.analyseStockOperationAll(StockExcelOperationMain.java:329) dataGap more than 2
 2017-08-12 00:43:49 [ stock:main:11452 ] - [ FATAL ] excel.all_v2.StockExcelOperationMain.analyseStockOperationAll(StockExcelOperationMain.java:237) *****SZ300313*****
 2017-08-12 00:43:50 [ stock:main:12072 ] - [ FATAL ] excel.all_v2.StockExcelOperationMain.analyseStockOperationAll(StockExcelOperationMain.java:237) *****SZ002772*****
 2017-08-12 00:43:51 [ stock:main:12673 ] - [ FATAL ] excel.all_v2.StockExcelOperationMain.analyseStockOperationAll(StockExcelOperationMain.java:329) dataGap more than 2
 2017-08-12 00:43:51 [ stock:main:12673 ] - [ FATAL ] excel.all_v2.StockExcelOperationMain.analyseStockOperationAll(StockExcelOperationMain.java:237) *****SZ002749*****
 2017-08-12 00:43:51 [ stock:main:13267 ] - [ FATAL ] excel.all_v2.StockExcelOperationMain.analyseStockOperationAll(StockExcelOperationMain.java:237) *****SH600467*****
 2017-08-12 00:43:52 [ stock:main:13864 ] - [ FATAL ] excel.all_v2.StockExcelOperationMain.analyseStockOperationAll(StockExcelOperationMain.java:237) *****SH600486*****
 2017-08-12 00:43:52 [ stock:main:14456 ] - [ FATAL ] excel.all_v2.StockExcelOperationMain.analyseStockOperationAll(StockExcelOperationMain.java:237) *****SH600596*****
 2017-08-12 00:43:53 [ stock:main:15053 ] - [ FATAL ] excel.all_v2.StockExcelOperationMain.analyseStockOperationAll(StockExcelOperationMain.java:237) *****SH600731*****
 2017-08-12 00:43:54 [ stock:main:15654 ] - [ FATAL ] excel.all_v2.StockExcelOperationMain.analyseStockOperationAll(StockExcelOperationMain.java:329) dataGap more than 2
 2017-08-12 00:43:54 [ stock:main:15654 ] - [ FATAL ] excel.all_v2.StockExcelOperationMain.analyseStockOperationAll(StockExcelOperationMain.java:237) *****SH601038*****
 2017-08-12 00:43:54 [ stock:main:16254 ] - [ FATAL ] excel.all_v2.StockExcelOperationMain.analyseStockOperationAll(StockExcelOperationMain.java:329) dataGap more than 2
 2017-08-12 00:43:54 [ stock:main:16255 ] - [ FATAL ] excel.all_v2.StockExcelOperationMain.analyseStockOperationAll(StockExcelOperationMain.java:237) *****SZ000570*****
 2017-08-12 00:43:55 [ stock:main:16874 ] - [ FATAL ] excel.all_v2.StockExcelOperationMain.analyseStockOperationAll(StockExcelOperationMain.java:237) *****SZ000816*****
 2017-08-12 00:43:55 [ stock:main:17462 ] - [ FATAL ] excel.all_v2.StockExcelOperationMain.analyseStockOperationAll(StockExcelOperationMain.java:367) insert buy operation
 2017-08-12 00:43:55 [ stock:main:17464 ] - [ FATAL ] excel.all_v2.StockExcelOperationMain.analyseStockOperationAll(StockExcelOperationMain.java:406) insert operation fail
 2017-08-12 00:43:55 [ stock:main:17464 ] - [ FATAL ] excel.all_v2.StockExcelOperationMain.analyseStockOperationAll(StockExcelOperationMain.java:237) *****SZ002215*****
 2017-08-12 00:43:56 [ stock:main:18084 ] - [ FATAL ] excel.all_v2.StockExcelOperationMain.analyseStockOperationAll(StockExcelOperationMain.java:329) dataGap more than 2
 2017-08-12 00:43:56 [ stock:main:18085 ] - [ FATAL ] excel.all_v2.StockExcelOperationMain.analyseStockOperationAll(StockExcelOperationMain.java:237) *****SZ002258*****
 2017-08-12 00:43:57 [ stock:main:18730 ] - [ FATAL ] excel.all_v2.StockExcelOperationMain.analyseStockOperationAll(StockExcelOperationMain.java:237) *****SZ002391*****
 2017-08-12 00:43:57 [ stock:main:19315 ] - [ FATAL ] excel.all_v2.StockExcelOperationMain.analyseStockOperationAll(StockExcelOperationMain.java:237) *****SZ002470*****
 2017-08-12 00:43:58 [ stock:main:19932 ] - [ FATAL ] excel.all_v2.StockExcelOperationMain.analyseStockOperationAll(StockExcelOperationMain.java:237) *****SZ002538*****
 2017-08-12 00:43:59 [ stock:main:20519 ] - [ FATAL ] excel.all_v2.StockExcelOperationMain.analyseStockOperationAll(StockExcelOperationMain.java:237) *****SZ002539*****
 2017-08-12 00:43:59 [ stock:main:21083 ] - [ FATAL ] excel.all_v2.StockExcelOperationMain.analyseStockOperationAll(StockExcelOperationMain.java:329) dataGap more than 2
 2017-08-12 00:43:59 [ stock:main:21083 ] - [ FATAL ] excel.all_v2.StockExcelOperationMain.analyseStockOperationAll(StockExcelOperationMain.java:237) *****SZ002588*****
 2017-08-12 00:44:00 [ stock:main:21670 ] - [ FATAL ] excel.all_v2.StockExcelOperationMain.analyseStockOperationAll(StockExcelOperationMain.java:329) dataGap more than 2
 2017-08-12 00:44:00 [ stock:main:21670 ] - [ FATAL ] excel.all_v2.StockExcelOperationMain.analyseStockOperationAll(StockExcelOperationMain.java:237) *****SZ002734*****
 2017-08-12 00:44:00 [ stock:main:22251 ] - [ FATAL ] excel.all_v2.StockExcelOperationMain.analyseStockOperationAll(StockExcelOperationMain.java:329) dataGap more than 2
 2017-08-12 00:44:00 [ stock:main:22251 ] - [ FATAL ] excel.all_v2.StockExcelOperationMain.analyseStockOperationAll(StockExcelOperationMain.java:237) *****SZ300022*****
 2017-08-12 00:44:01 [ stock:main:22873 ] - [ FATAL ] excel.all_v2.StockExcelOperationMain.analyseStockOperationAll(StockExcelOperationMain.java:323) stock no same date
 2017-08-12 00:44:01 [ stock:main:22873 ] - [ FATAL ] excel.all_v2.StockExcelOperationMain.analyseStockOperationAll(StockExcelOperationMain.java:237) *****SZ300159*****
 2017-08-12 00:44:01 [ stock:main:23471 ] - [ FATAL ] excel.all_v2.StockExcelOperationMain.analyseStockOperationAll(StockExcelOperationMain.java:237) *****SZ300281*****
 2017-08-12 00:44:02 [ stock:main:24063 ] - [ FATAL ] excel.all_v2.StockExcelOperationMain.analyseStockOperationAll(StockExcelOperationMain.java:367) insert buy operation
 2017-08-12 00:44:02 [ stock:main:24064 ] - [ FATAL ] excel.all_v2.StockExcelOperationMain.analyseStockOperationAll(StockExcelOperationMain.java:406) insert operation fail
 2017-08-12 00:44:02 [ stock:main:24064 ] - [ FATAL ] excel.all_v2.StockExcelOperationMain.analyseStockOperationAll(StockExcelOperationMain.java:237) *****SZ002170*****
 2017-08-12 00:44:03 [ stock:main:24674 ] - [ FATAL ] excel.all_v2.StockExcelOperationMain.analyseStockOperationAll(StockExcelOperationMain.java:329) dataGap more than 2
 2017-08-12 00:44:03 [ stock:main:24675 ] - [ FATAL ] excel.all_v2.StockExcelOperationMain.analyseStockOperationAll(StockExcelOperationMain.java:237) *****SZ300189*****
 2017-08-12 00:44:03 [ stock:main:25271 ] - [ FATAL ] excel.all_v2.StockExcelOperationMain.analyseStockOperationAll(StockExcelOperationMain.java:329) dataGap more than 2
 2017-08-12 00:44:03 [ stock:main:25271 ] - [ FATAL ] excel.all_v2.StockExcelOperationMain.analyseStockOperationAll(StockExcelOperationMain.java:237) *****SH603789*****
 2017-08-12 00:44:04 [ stock:main:25867 ] - [ FATAL ] excel.all_v2.StockExcelOperationMain.analyseStockOperationAll(StockExcelOperationMain.java:329) dataGap more than 2
 2017-08-12 00:44:04 [ stock:main:25867 ] - [ FATAL ] excel.all_v2.StockExcelOperationMain.analyseStockOperationAll(StockExcelOperationMain.java:237) *****SH600227*****
 2017-08-12 00:44:04 [ stock:main:26456 ] - [ FATAL ] excel.all_v2.StockExcelOperationMain.analyseStockOperationAll(StockExcelOperationMain.java:329) dataGap more than 2
 2017-08-12 00:44:04 [ stock:main:26456 ] - [ FATAL ] excel.all_v2.StockExcelOperationMain.analyseStockOperationAll(StockExcelOperationMain.java:237) *****SZ002021*****
 2017-08-12 00:44:05 [ stock:main:27060 ] - [ FATAL ] excel.all_v2.StockExcelOperationMain.analyseStockOperationAll(StockExcelOperationMain.java:329) dataGap more than 2
 2017-08-12 00:44:05 [ stock:main:27061 ] - [ FATAL ] excel.all_v2.StockExcelOperationMain.analyseStockOperationAll(StockExcelOperationMain.java:237) *****SZ000564*****
 2017-08-12 00:44:06 [ stock:main:27662 ] - [ FATAL ] excel.all_v2.StockExcelOperationMain.analyseStockOperationAll(StockExcelOperationMain.java:329) dataGap more than 2
 2017-08-12 00:44:06 [ stock:main:27662 ] - [ FATAL ] excel.all_v2.StockExcelOperationMain.analyseStockOperationAll(StockExcelOperationMain.java:237) *****SH600275*****
 2017-08-12 00:44:06 [ stock:main:28272 ] - [ FATAL ] excel.all_v2.StockExcelOperationMain.analyseStockOperationAll(StockExcelOperationMain.java:329) dataGap more than 2
 2017-08-12 00:44:06 [ stock:main:28272 ] - [ FATAL ] excel.all_v2.StockExcelOperationMain.analyseStockOperationAll(StockExcelOperationMain.java:237) *****SZ002150*****
 2017-08-12 00:44:07 [ stock:main:28881 ] - [ FATAL ] excel.all_v2.StockExcelOperationMain.analyseStockOperationAll(StockExcelOperationMain.java:237) *****SZ000059*****
 2017-08-12 00:44:07 [ stock:main:29472 ] - [ FATAL ] excel.all_v2.StockExcelOperationMain.analyseStockOperationAll(StockExcelOperationMain.java:237) *****SZ000912*****
 2017-08-12 00:44:08 [ stock:main:30099 ] - [ FATAL ] excel.all_v2.StockExcelOperationMain.analyseStockOperationAll(StockExcelOperationMain.java:329) dataGap more than 2
 2017-08-12 00:44:08 [ stock:main:30099 ] - [ FATAL ] excel.all_v2.StockExcelOperationMain.analyseStockOperationAll(StockExcelOperationMain.java:237) *****SH600691*****
 2017-08-12 00:44:09 [ stock:main:30736 ] - [ FATAL ] excel.all_v2.StockExcelOperationMain.analyseStockOperationAll(StockExcelOperationMain.java:237) *****SZ000711*****
 2017-08-12 00:44:09 [ stock:main:31325 ] - [ FATAL ] excel.all_v2.StockExcelOperationMain.analyseStockOperationAll(StockExcelOperationMain.java:329) dataGap more than 2
 2017-08-12 00:44:09 [ stock:main:31326 ] - [ FATAL ] excel.all_v2.StockExcelOperationMain.analyseStockOperationAll(StockExcelOperationMain.java:237) *****SZ000155*****
 