2017-08-12 18:07:10 [ stock:main:0 ] - [ FATAL ] stock.basic.StockBaseManager.main(StockBaseManager.java:1630) stock manager start
2017-08-25 22:57:36 [ stock:main:0 ] - [ FATAL ] stock.basic.StockBaseManager.main(StockBaseManager.java:1702) stock manager start
2017-08-25 22:58:06 [ stock:AWT-EventQueue-0:29187 ] - [ FATAL ] excel.all_v2.StockExcelPartitionMain.writeTotalOperationExcelFormIndustryOrderBy(StockExcelPartitionMain.java:4623) 行业：种子生产
2017-08-25 22:58:06 [ stock:AWT-EventQueue-0:29252 ] - [ FATAL ] excel.all_v2.StockExcelPartitionMain.writeTotalOperationExcelFormIndustryOrderBy(StockExcelPartitionMain.java:4665) ****stockFullId：SZ002041****
2017-08-25 22:58:06 [ stock:AWT-EventQueue-0:29522 ] - [ FATAL ] excel.all_v2.StockExcelPartitionMain.writeTotalOperationExcelFormIndustryOrderBy(StockExcelPartitionMain.java:4665) ****stockFullId：SH600354****
2017-08-25 22:58:06 [ stock:AWT-EventQueue-0:29793 ] - [ FATAL ] excel.all_v2.StockExcelPartitionMain.writeTotalOperationExcelFormIndustryOrderBy(StockExcelPartitionMain.java:4665) ****stockFullId：SZ000713****
2017-08-25 22:58:06 [ stock:AWT-EventQueue-0:30074 ] - [ FATAL ] excel.all_v2.StockExcelPartitionMain.writeTotalOperationExcelFormIndustryOrderBy(StockExcelPartitionMain.java:4665) ****stockFullId：SZ000998****
2017-08-25 22:58:07 [ stock:AWT-EventQueue-0:30360 ] - [ FATAL ] excel.all_v2.StockExcelPartitionMain.writeTotalOperationExcelFormIndustryOrderBy(StockExcelPartitionMain.java:4665) ****stockFullId：SZ300189****
2017-08-25 22:58:07 [ stock:AWT-EventQueue-0:30623 ] - [ FATAL ] excel.all_v2.StockExcelPartitionMain.writeTotalOperationExcelFormIndustryOrderBy(StockExcelPartitionMain.java:4665) ****stockFullId：SH600371****
2017-08-25 22:58:07 [ stock:AWT-EventQueue-0:30884 ] - [ FATAL ] excel.all_v2.StockExcelPartitionMain.writeTotalOperationExcelFormIndustryOrderBy(StockExcelPartitionMain.java:4665) ****stockFullId：SZ300087****
2017-08-25 22:58:08 [ stock:AWT-EventQueue-0:31233 ] - [ FATAL ] excel.all_v2.StockExcelPartitionMain.writeTotalOperationExcelFormIndustryOrderBy(StockExcelPartitionMain.java:4623) 行业：粮食种植
2017-08-25 22:58:08 [ stock:AWT-EventQueue-0:31236 ] - [ FATAL ] excel.all_v2.StockExcelPartitionMain.writeTotalOperationExcelFormIndustryOrderBy(StockExcelPartitionMain.java:4665) ****stockFullId：SH600598****
2017-08-25 22:58:08 [ stock:AWT-EventQueue-0:31596 ] - [ FATAL ] excel.all_v2.StockExcelPartitionMain.writeTotalOperationExcelFormIndustryOrderBy(StockExcelPartitionMain.java:4623) 行业：其他种植业
2017-08-25 22:58:08 [ stock:AWT-EventQueue-0:31601 ] - [ FATAL ] excel.all_v2.StockExcelPartitionMain.writeTotalOperationExcelFormIndustryOrderBy(StockExcelPartitionMain.java:4665) ****stockFullId：SH601118****
2017-08-25 22:58:08 [ stock:AWT-EventQueue-0:31870 ] - [ FATAL ] excel.all_v2.StockExcelPartitionMain.writeTotalOperationExcelFormIndustryOrderBy(StockExcelPartitionMain.java:4665) ****stockFullId：SH603336****
2017-08-25 22:58:08 [ stock:AWT-EventQueue-0:32130 ] - [ FATAL ] excel.all_v2.StockExcelPartitionMain.writeTotalOperationExcelFormIndustryOrderBy(StockExcelPartitionMain.java:4665) ****stockFullId：SH600506****
2017-08-25 22:58:09 [ stock:AWT-EventQueue-0:32402 ] - [ FATAL ] excel.all_v2.StockExcelPartitionMain.writeTotalOperationExcelFormIndustryOrderBy(StockExcelPartitionMain.java:4665) ****stockFullId：SH600359****
2017-08-25 22:58:09 [ stock:AWT-EventQueue-0:32660 ] - [ FATAL ] excel.all_v2.StockExcelPartitionMain.writeTotalOperationExcelFormIndustryOrderBy(StockExcelPartitionMain.java:4665) ****stockFullId：SH600540****
2017-08-25 22:59:30 [ stock:main:0 ] - [ FATAL ] stock.basic.StockBaseManager.main(StockBaseManager.java:1702) stock manager start
2017-10-15 14:43:49 [ stock:main:0 ] - [ FATAL ] stock.basic.StockBaseManager.main(StockBaseManager.java:1705) stock manager start
